<?xml version="1.0" encoding="UTF-8"?>
<beans xmlns="http://www.springframework.org/schema/beans"
	xmlns:xsi="http://www.w3.org/2001/XMLSchema-instance" xmlns:jpa="http://www.springframework.org/schema/data/jpa"
	xsi:schemaLocation="http://www.springframework.org/schema/beans
	   		http://www.springframework.org/schema/beans/spring-beans-3.1.xsd
	   		http://www.springframework.org/schema/data/jpa
	   		http://www.springframework.org/schema/data/jpa/spring-jpa-1.0.xsd">

	<bean id="transactionManager" class="org.springframework.orm.jpa.JpaTransactionManager">
		<property name="entityManagerFactory" ref="notifyEntityManagerFactory" />
		<property name="dataSource" ref="dataSource" />
	</bean>

	<!-- entity manager factory -->
	<bean id="notifyEntityManagerFactory"
		class="org.springframework.orm.jpa.LocalContainerEntityManagerFactoryBean">
		<property name="persistenceXmlLocation" value="classpath:/META-INF/persistence.xml" />
		<property name="dataSource" ref="dataSource" />
		<property name="jpaVendorAdapter" ref="hibernateJpaVendorAdapter" />
		<property name="jpaProperties" ref="jpaProperties" />
	</bean>

	<!-- database dialect -->
	<bean id="hibernateJpaVendorAdapter"
		class="org.springframework.orm.jpa.vendor.HibernateJpaVendorAdapter">
		<property name="database" value="H2" />
		<property name="showSql" value="true" />
		<!--<property name="databasePlatform" value="${database.platform}"/> -->
	</bean>

	<!-- hibernate properties -->
	<bean id="jpaProperties"
		class="org.springframework.beans.factory.config.PropertiesFactoryBean">
		<property name="properties">
			<props>
				<prop key="database.dialect">org.hibernate.dialect.H2Dialect</prop>
				<prop key="hibernate.hbm2ddl.auto">create</prop>
			</props>
		</property>
	</bean>

	<bean id="dataSource"
		class="org.springframework.jdbc.datasource.DriverManagerDataSource">
		<property name="driverClassName" value="org.h2.Driver" />
		<property name="url" value="jdbc:h2:file:h2\db" />
		<property name="username" value="sa" />
		<property name="password" value="" />
	</bean>

</beans>